[1/2] 一覧ページ読み込み中 (mode=5)...
  一覧読み込み完了: 330件中 上位100件を処理
[2/2] 詳細ページ巡回中 (100件)...
    1位 ピカチュウ [020/M-P]                ¥2,990 → ¥15,934 (差: ¥12,944)
    2位 ブラッキー&ダークライGX [SM12a 182/173]  ¥177,777 → ¥351,250 (差: ¥173,473)
    3位 ピカチュウex [WCS23 001/030]        ¥58,366 → ¥133,750 (差: ¥75,384)
    4位 オーガポンいどのめんex [SV6 127/101]     ¥1,999 → ¥5,980 (差: ¥3,981)
    5位 スグリ [SV6 122/101]              ¥888 → ¥5,990 (差: ¥5,102)
    6位 ピカチュウ [CLL 008/032]            価格なし
    7位 サカキの追放 [SM10 105/095]          ¥1,600 → ¥13,500 (差: ¥11,900)
    8位 ナンジャモのハラバリーex [sv9 130/100]    価格なし
    9位 レックウザV [S7R 076/067]           ¥110,000 → ¥270,000 (差: ¥160,000)
   10位 ミュウツーVSTAR [S12a 221/172]      ¥14,833 → ¥50,000 (差: ¥35,167)
   11位 メガリザードンXex [M2a 223/193]       ¥6,500 → ¥41,050 (差: ¥34,550)
   12位 ゼクロムex [sv11B 174/086]         価格なし
   13位 エリカのモンジャラ [MC 743/742]         ¥12,594 → ¥76,666 (差: ¥64,072)
   14位 リザードンex [SV4a 349/190]         ¥45,499 → ¥97,762 (差: ¥52,263)
   15位 ピカチュウ [S10a 073/071]           ¥5,844 → ¥33,206 (差: ¥27,362)
   16位 ラティアス&ラティオスGX [SM9 105/095]    ¥398,000 → ¥778,000 (差: ¥380,000)
   17位 スターミーV [S9a 083/067]           価格なし
   18位 ミュウex [SV2a 208/165]           ¥10,333 → ¥63,725 (差: ¥53,392)
   19位 ギラティナV [s11 111/100]           価格なし
   20位 Nの覚悟 [SM11b 066/049]           ¥5,200 → ¥16,416 (差: ¥11,216)
   21位 サンダース(マスターボールミラー) [sv8a 051/18 価格なし
   22位 ピカチュウ [SM11b 054/049]          ¥28,300 → ¥77,269 (差: ¥48,969)
   23位 ピカチュウV [s8a-G 001/015]         ¥110,000 → ¥275,036 (差: ¥165,036)
   24位 ピカチュウ [323/S-P]                ¥62,500 → ¥159,999 (差: ¥97,499)
   25位 ゼイユ [SV6 130/101]              ¥18,500 → ¥76,000 (差: ¥57,500)
   26位 メガメガニウムex [MC 761/742]         価格なし
   27位 メガゲンガーex [M2a 230/193]         価格なし
   28位 エーフィ(マスターボールミラー) [sv8a 062/187 価格なし
   29位 リザードン [S8a-P 001/025]          ¥73,384 → ¥185,158 (差: ¥111,774)
   30位 ピカチュウ [001/SV-P]               ¥4,744 → ¥24,502 (差: ¥19,758)
   31位 トウホクのピカチュウ [260/SV-P]          ¥18,250 → ¥88,000 (差: ¥69,750)
   32位 アルセウスVSTAR [S12a 262/172]      ¥15,697 → ¥29,450 (差: ¥13,753)
   33位 リザードンex [SV3 139/108]          ¥8,500 → ¥66,000 (差: ¥57,500)
   34位 ガブリアスex [sv3a 085/062]         ¥5,222 → ¥16,700 (差: ¥11,478)
   35位 _のピカチュウ [S8a 007/025]          ¥58,888 → ¥167,950 (差: ¥109,062)
   36位 リーリエのピッピex [MC 765/742]        ¥115,000 → ¥243,333 (差: ¥128,333)
   37位 チルタリス [s11a 074/068]           ¥1,116 → ¥8,168 (差: ¥7,052)
   38位 マリィ [S4a 198/190]              価格なし
   39位 レッドの挑戦 [SM12a 201/173]         ¥28,000 → ¥89,000 (差: ¥61,000)
   40位 いたずら好きのピチュー [214/S-P]          ¥3,285 → ¥16,583 (差: ¥13,298)
   41位 ユカリ [M3 116/080]               ¥1,680 → ¥23,000 (差: ¥21,320)
   42位 ヒスイゾロアークVSTAR [S12a 234/172]   価格なし
   43位 メガカイリューex [M2a 250/193]        ¥41,260 → ¥165,954 (差: ¥124,694)
   44位 ピカチュウ [SV2a 173/165]           価格なし
   45位 メガサーナイトex [M1S 092/063]        価格なし
   46位 サーナイトex [SV4a 348/190]         ¥14,000 → ¥35,000 (差: ¥21,000)
   47位 メガゲッコウガex [M4 114/083]         価格なし
   48位 トドロクツキex [SV4K 090/066]        価格なし
   49位 レッドの挑戦 [SM10 107/095]          価格なし
   50位 カスミのコダック [sv9a 071/063]        価格なし
   51位 メガルカリオex [M1L 092/063]         価格なし
   52位 メガフシギバナex [M1L 087/063]        価格なし
   53位 ユリーカ [SM6 102/094]             ¥11,500 → ¥26,000 (差: ¥14,500)
   54位 リザードン [CLL 003/032]            価格なし
   55位 ピカチュウ [S12a 205/172]           ¥48,999 → ¥131,666 (差: ¥82,667)
   56位 メガフラエッテex [M4 115/083]         価格なし
   57位 セイジ [SV5M 096/071]             ¥1,222 → ¥7,100 (差: ¥5,878)
   58位 ゲンガーVMAX [SGG 020/019]         ¥226,500 → ¥384,700 (差: ¥158,200)
   59位 タロ [sv8a 231/187]              ¥1,111 → ¥5,800 (差: ¥4,689)
   60位 メロコ [SV4K 092/066]             価格なし
   61位 エーフィ [066/SV-P]                価格なし
   62位 スイクンV [S12a 215/172]           価格なし
   63位 メイのはげまし [M3 115/080]           価格なし
   64位 ロケット団のミュウツーex [sv10 125/098]   価格なし
   65位 ピカチュウex [sv8 136/106]          価格なし
   66位 エーフィex [sv8a 211/187]          ¥7,999 → ¥26,999 (差: ¥19,000)
   67位 メガエンブオーex [MC 762/742]         価格なし
   68位 ブラッキー [067/SV-P]               価格なし
   69位 ミミッキュ [SM11b 058/049]          ¥7,000 → ¥21,800 (差: ¥14,800)
   70位 マリィのプライド [SI 419/414]          価格なし
   71位 ロケット団のアテナ [sv10 128/098]       価格なし
   72位 ブースター [065/SV-P]               価格なし
   73位 メガゲッコウガex [M4 120/083]         価格なし
   74位 シャワーズex [sv8a 205/187]         ¥6,666 → ¥18,380 (差: ¥11,714)
   75位 メガゲンガーex [M2a 240/193]         ¥55,650 → ¥131,178 (差: ¥75,528)
   76位 リップ [SV4M 092/066]             ¥1,099 → ¥6,490 (差: ¥5,391)
   77位 ルギアV [s12 110/098]             価格なし
   78位 ロケット団のミュウツーex [sv10 130/098]   価格なし
   79位 ベルのまごころ [SV5M 092/071]         ¥1,050 → ¥9,580 (差: ¥8,530)
   80位 ミュウツー [CLK 014/032]            ¥6,799 → ¥43,074 (差: ¥36,275)
   81位 ピカチュウ(マスターボールミラー) [SV2a 025/16 ¥63,700 → ¥175,000 (差: ¥111,300)
   82位 カメックスex [SV2a 202/165]         ¥18,700 → ¥54,466 (差: ¥35,766)
   83位 ブリムオンVMAX [S12a 224/172]       価格なし
   84位 カナリィ [M2a 248/193]             ¥4,802 → ¥27,777 (差: ¥22,975)
   85位 ヒビキのホウオウex [sv9a 090/063]      価格なし
   86位 サザンドラex [sv11W 171/086]        価格なし
   87位 リーリエの決心 [M1L 091/063]          価格なし
   88位 グレイシアex  [sv8a 206/187]        ¥6,800 → ¥21,472 (差: ¥14,672)
   89位 ビクティニ [288/SV-P]               ¥106,050 → ¥224,000 (差: ¥117,950)
   90位 クララ [S5a 082/070]              ¥8,400 → ¥28,500 (差: ¥20,100)
   91位 リーリエのアブリボン [sv9 105/100]       価格なし
   92位 ヒロシマのピカチュウ [261/SV-P]          ¥21,950 → ¥91,000 (差: ¥69,050)
   93位 リザードンex [SV3 134/108]          ¥36,866 → ¥115,870 (差: ¥79,004)
   94位 ミュウex [SV4a 347/190]           ¥60,900 → ¥157,500 (差: ¥96,600)
   95位 スグリ [SV6 129/101]              ¥3,100 → ¥16,500 (差: ¥13,400)
   96位 オーガポンみどりのめんex [SV6 125/101]    ¥2,666 → ¥7,000 (差: ¥4,334)
   97位 イーブイex [sv8a 223/187]          ¥4,600 → ¥18,066 (差: ¥13,466)
   98位 ルミタン [SM8b 157/150]            ¥3,333 → ¥13,000 (差: ¥9,667)
   99位 カリンの信念 [S5a 081/070]           ¥2,222 → ¥13,000 (差: ¥10,778)
  100位 ブラッキーVMAX [S8b 245/184]        ¥9,500 → ¥42,133 (差: ¥32,633)
/Users/k.k/Library/Python/3.9/lib/python/site-packages/urllib3/__init__.py:35: NotOpenSSLWarning: urllib3 v2 only supports OpenSSL 1.1.1+, currently the 'ssl' module is compiled with 'LibreSSL 2.8.3'. See: https://github.com/urllib3/urllib3/issues/3020
  warnings.warn(

============================================================
美品 vs PSA10 差額ランキング（上位20件）
============================================================
順位            差額         美品      PSA10  カード名
------------------------------------------------------------
1     ¥  380,000 ¥  398,000 ¥  778,000  ラティアス&ラティオスGX [SM9 105/095]
2     ¥  173,473 ¥  177,777 ¥  351,250  ブラッキー&ダークライGX [SM12a 182/173]
3     ¥  165,036 ¥  110,000 ¥  275,036  ピカチュウV [s8a-G 001/015]
4     ¥  160,000 ¥  110,000 ¥  270,000  レックウザV [S7R 076/067]
5     ¥  158,200 ¥  226,500 ¥  384,700  ゲンガーVMAX [SGG 020/019]
6     ¥  128,333 ¥  115,000 ¥  243,333  リーリエのピッピex [MC 765/742]
7     ¥  124,694 ¥   41,260 ¥  165,954  メガカイリューex [M2a 250/193]
8     ¥  117,950 ¥  106,050 ¥  224,000  ビクティニ [288/SV-P]
9     ¥  111,774 ¥   73,384 ¥  185,158  リザードン [S8a-P 001/025]
10    ¥  111,300 ¥   63,700 ¥  175,000  ピカチュウ(マスターボールミラー) [SV2a 025/165]
11    ¥  109,062 ¥   58,888 ¥  167,950  _のピカチュウ [S8a 007/025]
12    ¥   97,499 ¥   62,500 ¥  159,999  ピカチュウ [323/S-P]
13    ¥   96,600 ¥   60,900 ¥  157,500  ミュウex [SV4a 347/190]
14    ¥   82,667 ¥   48,999 ¥  131,666  ピカチュウ [S12a 205/172]
15    ¥   79,004 ¥   36,866 ¥  115,870  リザードンex [SV3 134/108]
16    ¥   75,528 ¥   55,650 ¥  131,178  メガゲンガーex [M2a 240/193]
17    ¥   75,384 ¥   58,366 ¥  133,750  ピカチュウex [WCS23 001/030]
18    ¥   69,750 ¥   18,250 ¥   88,000  トウホクのピカチュウ [260/SV-P]
19    ¥   69,050 ¥   21,950 ¥   91,000  ヒロシマのピカチュウ [261/SV-P]
20    ¥   64,072 ¥   12,594 ¥   76,666  エリカのモンジャラ [MC 743/742]

保存先: pokeca_scan_20260415_170001.csv
Discord通知: 送信完了
[1/2] 一覧ページ読み込み中 (mode=5)...
  一覧読み込み完了: 330件中 上位100件を処理
[2/2] 詳細ページ巡回中 (100件)...
    1位 ミュウツー&ミュウGX [SM11 098/094]     ¥199,629 → ¥614,600 (差: ¥414,971)
    2位 メガリザードンXex [M2a 223/193]       ¥7,568 → ¥41,450 (差: ¥33,882)
    3位 ブラッキー&ダークライGX [SM12a 182/173]  ¥177,777 → ¥356,666 (差: ¥178,889)
    4位 オーガポンいどのめんex [SV6 127/101]     ¥1,999 → ¥5,980 (差: ¥3,981)
    5位 ピカチュウex [WCS23 001/030]        ¥58,367 → ¥144,308 (差: ¥85,941)
    6位 イーブイ [287/SM-P]                ¥300,000 → ¥770,000 (差: ¥470,000)
    7位 ピカチュウ [020/M-P]                価格なし
    8位 ニンフィアex [sv8a 212/187]         ¥19,800 → ¥39,228 (差: ¥19,428)
    9位 ピカチュウex [sv8a 236/187]         ¥12,327 → ¥58,000 (差: ¥45,673)
   10位 ピカチュウ [SV2a 173/165]           ¥4,965 → ¥26,111 (差: ¥21,146)
   11位 ピカチュウ [CLL 008/032]            ¥14,444 → ¥82,000 (差: ¥67,556)
   12位 メガメガニウムex [MC 761/742]         ¥34,800 → ¥98,500 (差: ¥63,700)
   13位 ミュウツー [CLK 014/032]            ¥7,777 → ¥41,400 (差: ¥33,623)
   14位 メガゲンガーex [M2a 230/193]         ¥3,583 → ¥21,540 (差: ¥17,957)
   15位 いたずら好きのピチュー [214/S-P]          ¥3,573 → ¥17,650 (差: ¥14,077)
   16位 リザードンex [SV4a 349/190]         ¥45,500 → ¥98,900 (差: ¥53,400)
   17位 メガサーナイトex [M1S 092/063]        価格なし
   18位 ゼクロムex [sv11B 174/086]         ¥75,000 → ¥144,444 (差: ¥69,444)
   19位 ギラティナV [s11 111/100]           価格なし
   20位 リザードン [CLL 003/032]            ¥36,874 → ¥125,555 (差: ¥88,681)
   21位 ゼイユ [SV6 130/101]              ¥22,240 → ¥77,000 (差: ¥54,760)
   22位 ピカチュウ(マスターボールミラー) [SV2a 025/16 ¥78,000 → ¥170,000 (差: ¥92,000)
   23位 スターミーV [S9a 083/067]           ¥11,997 → ¥44,500 (差: ¥32,503)
   24位 ピカチュウ [SM11b 054/049]          ¥28,300 → ¥76,700 (差: ¥48,400)
   25位 名探偵ピカチュウ [098/SV-P]            ¥28,873 → ¥88,444 (差: ¥59,571)
   26位 ミュウツーVSTAR [S12a 221/172]      ¥14,150 → ¥51,644 (差: ¥37,494)
   27位 ピカチュウV [s8a-G 001/015]         ¥110,000 → ¥278,000 (差: ¥168,000)
   28位 ミュウex [SV2a 208/165]           ¥11,000 → ¥63,100 (差: ¥52,100)
   29位 ピカチュウ [208/S-P]                ¥20,387 → ¥73,227 (差: ¥52,840)
   30位 メガゲッコウガex [M4 114/083]         ¥51,261 → ¥131,833 (差: ¥80,572)
   31位 ミュウツー [SV2a 183/165]           ¥3,252 → ¥22,980 (差: ¥19,728)
   32位 メガリザードンXex [M2 116/080]        ¥248,500 → ¥625,667 (差: ¥377,167)
   33位 トウホクのピカチュウ [260/SV-P]          ¥17,000 → ¥78,167 (差: ¥61,167)
   34位 リーリエのピッピex [MC 765/742]        ¥100,000 → ¥255,750 (差: ¥155,750)
   35位 ピカチュウex [sv8 136/106]          価格なし
   36位 ラティアス&ラティオスGX [SM9 105/095]    ¥398,000 → ¥821,500 (差: ¥423,500)
   37位 サンダース(マスターボールミラー) [sv8a 051/18 価格なし
   38位 リザードンex [SV3 139/108]          ¥8,500 → ¥65,666 (差: ¥57,166)
   39位 メガゲンガーex [M2a 240/193]         価格なし
   40位 _のピカチュウ [S8a 007/025]          ¥55,000 → ¥183,707 (差: ¥128,707)
   41位 ピカチュウ [323/S-P]                ¥62,500 → ¥150,000 (差: ¥87,500)
   42位 カスミのコダック [sv9a 071/063]        価格なし
   43位 メイのはげまし [M3 115/080]           ¥19,875 → ¥93,167 (差: ¥73,292)
   44位 ピカチュウ [S10a 073/071]           ¥5,651 → ¥33,867 (差: ¥28,216)
   45位 レッドの挑戦 [SM12a 201/173]         ¥26,500 → ¥89,000 (差: ¥62,500)
   46位 リザードンV [S12a 211/172]          価格なし
   47位 メガルカリオex [M1L 092/063]         ¥48,888 → ¥194,000 (差: ¥145,112)
   48位 アスナ [S6H 080/070]              ¥1,800 → ¥11,000 (差: ¥9,200)
   49位 メガゲッコウガex [M4 120/083]         価格なし
   50位 リザードン [S8a-P 001/025]          ¥60,000 → ¥180,000 (差: ¥120,000)
   51位 リーフィアex [sv8a 200/187]         価格なし
   52位 ルギアV [s12 110/098]             ¥98,000 → ¥261,999 (差: ¥163,999)
   53位 カナリィ [M2a 248/193]             ¥4,499 → ¥26,688 (差: ¥22,189)
   54位 ミュウex [SV2a 205/165]           ¥41,500 → ¥128,431 (差: ¥86,931)
   55位 エーフィ(マスターボールミラー) [sv8a 062/187 価格なし
   56位 トドロクツキex [SV4K 090/066]        ¥5,000 → ¥18,511 (差: ¥13,511)
   57位 セイジ [SV5M 096/071]             ¥1,222 → ¥7,100 (差: ¥5,878)
   58位 ヒスイゾロアークVSTAR [S12a 234/172]   価格なし
   59位 ゲンガーVMAX [SGG 020/019]         ¥226,500 → ¥395,000 (差: ¥168,500)
   60位 ニャースex [M3 114/080]            ¥9,969 → ¥51,160 (差: ¥41,191)
   61位 ビワ [SV5K 096/071]              ¥2,222 → ¥7,800 (差: ¥5,578)
   62位 メロコ [SV4K 092/066]             価格なし
   63位 ブースター [065/SV-P]               ¥8,211 → ¥22,158 (差: ¥13,947)
   64位 カメックスex [SV2a 202/165]         ¥20,267 → ¥49,000 (差: ¥28,733)
   65位 カシオペア [sv6a 091/064]           価格なし
   66位 リザードンex [SV4a 331/190]         ¥2,400 → ¥22,900 (差: ¥20,500)
   67位 イーブイ [MC 755/742]              ¥40,000 → ¥99,999 (差: ¥59,999)
   68位 ルカリオVSTAR [S12a 226/172]       価格なし
   69位 ミミッキュ [SM11b 058/049]          ¥7,000 → ¥20,875 (差: ¥13,875)
   70位 メガカイリューex [M2a 246/193]        ¥29,444 → ¥86,815 (差: ¥57,371)
   71位 ピッピ [381/S-P]                  ¥52,000 → ¥90,867 (差: ¥38,867)
   72位 かがやくカメックス [s10b 018/071]       価格なし
   73位 ゼクロムex [sv11B 169/086]         ¥21,777 → ¥47,600 (差: ¥25,823)
   74位 メガフラエッテex [M4 115/083]         価格なし
   75位 ロケット団のアテナ [sv10 128/098]       ¥2,512 → ¥16,000 (差: ¥13,488)
   76位 マリィ [S4a 198/190]              ¥15,980 → ¥32,646 (差: ¥16,666)
   77位 メガフシギバナex [M1L 087/063]        ¥5,666 → ¥16,652 (差: ¥10,986)
   78位 ギラティナVSTAR [s11 125/100]       ¥6,300 → ¥42,000 (差: ¥35,700)
   79位 リップ [SV4M 092/066]             価格なし
   80位 ブラッキー [067/SV-P]               ¥21,000 → ¥49,600 (差: ¥28,600)
   81位 チルタリス [s11a 074/068]           ¥999 → ¥8,000 (差: ¥7,001)
   82位 スイレンのお世話 [SV5a 088/066]        ¥1,999 → ¥12,000 (差: ¥10,001)
   83位 リザードンex [SV3 134/108]          ¥40,250 → ¥116,000 (差: ¥75,750)
   84位 ベルのまごころ [SV5M 092/071]         ¥1,050 → ¥10,467 (差: ¥9,417)
   85位 ミュウ [S8a 030/028]              ¥35,944 → ¥138,000 (差: ¥102,056)
   86位 ザマゼンタV [S12a 232/172]          ¥1,227 → ¥8,400 (差: ¥7,173)
   87位 ブリムオンVMAX [S12a 224/172]       ¥549 → ¥7,000 (差: ¥6,451)
   88位 メガラティアスex [M1S 088/063]        ¥4,611 → ¥13,150 (差: ¥8,539)
   89位 グレイシアex  [sv8a 206/187]        ¥7,500 → ¥22,325 (差: ¥14,825)
   90位 ナンジャモのハラバリーex [sv9 130/100]    価格なし
   91位 ミモザ [SV1V 105/078]             ¥14,000 → ¥50,251 (差: ¥36,251)
   92位 カミツオロチex [sv7 127/102]         ¥1,949 → ¥14,800 (差: ¥12,851)
   93位 エーフィ [066/SV-P]                ¥8,888 → ¥23,413 (差: ¥14,525)
   94位 メガスターミーex [M3 111/080]         価格なし
   95位 ピカチュウ [001/SV-P]               ¥4,482 → ¥23,943 (差: ¥19,461)
/Users/k.k/Library/Python/3.9/lib/python/site-packages/urllib3/__init__.py:35: NotOpenSSLWarning: urllib3 v2 only supports OpenSSL 1.1.1+, currently the 'ssl' module is compiled with 'LibreSSL 2.8.3'. See: https://github.com/urllib3/urllib3/issues/3020
  warnings.warn(
   96位 エリカの招待 [SV2a 196/165]          ¥3,150 → ¥16,750 (差: ¥13,600)
   97位 クララ [S5a 082/070]              価格なし
   98位 ピカチュウ [S12a 205/172]           ¥48,999 → ¥128,999 (差: ¥80,000)
   99位 グレイシアVSTAR [S12a 217/172]      価格なし
  100位 エーフィVMAX [189/S-P]             ¥55,528 → ¥99,176 (差: ¥43,648)

============================================================
美品 vs PSA10 差額ランキング（上位20件）
============================================================
順位            差額         美品      PSA10  カード名
------------------------------------------------------------
1     ¥  470,000 ¥  300,000 ¥  770,000  イーブイ [287/SM-P]
2     ¥  423,500 ¥  398,000 ¥  821,500  ラティアス&ラティオスGX [SM9 105/095]
3     ¥  414,971 ¥  199,629 ¥  614,600  ミュウツー&ミュウGX [SM11 098/094]
4     ¥  377,167 ¥  248,500 ¥  625,667  メガリザードンXex [M2 116/080]
5     ¥  178,889 ¥  177,777 ¥  356,666  ブラッキー&ダークライGX [SM12a 182/173]
6     ¥  168,500 ¥  226,500 ¥  395,000  ゲンガーVMAX [SGG 020/019]
7     ¥  168,000 ¥  110,000 ¥  278,000  ピカチュウV [s8a-G 001/015]
8     ¥  163,999 ¥   98,000 ¥  261,999  ルギアV [s12 110/098]
9     ¥  155,750 ¥  100,000 ¥  255,750  リーリエのピッピex [MC 765/742]
10    ¥  145,112 ¥   48,888 ¥  194,000  メガルカリオex [M1L 092/063]
11    ¥  128,707 ¥   55,000 ¥  183,707  _のピカチュウ [S8a 007/025]
12    ¥  120,000 ¥   60,000 ¥  180,000  リザードン [S8a-P 001/025]
13    ¥  102,056 ¥   35,944 ¥  138,000  ミュウ [S8a 030/028]
14    ¥   92,000 ¥   78,000 ¥  170,000  ピカチュウ(マスターボールミラー) [SV2a 025/165]
15    ¥   88,681 ¥   36,874 ¥  125,555  リザードン [CLL 003/032]
16    ¥   87,500 ¥   62,500 ¥  150,000  ピカチュウ [323/S-P]
17    ¥   86,931 ¥   41,500 ¥  128,431  ミュウex [SV2a 205/165]
18    ¥   85,941 ¥   58,367 ¥  144,308  ピカチュウex [WCS23 001/030]
19    ¥   80,572 ¥   51,261 ¥  131,833  メガゲッコウガex [M4 114/083]
20    ¥   80,000 ¥   48,999 ¥  128,999  ピカチュウ [S12a 205/172]

保存先: pokeca_scan_20260416_170001.csv
Discord通知: 送信完了
